<?xml version="1.0" encoding="UTF-8"?>
<!-- Generated by org.testng.reporters.JUnitXMLReporter -->
<testsuite hostname="Malalais-MacBook-Air.local" ignored="1" name="Test1" tests="3" failures="0" timestamp="22 Jan 2020 23:20:43 GMT" time="0.135" errors="0">
  <testcase name="T1" time="0.009" classname="tests.SampleTest"/>
  <testcase name="T2" time="0.004" classname="tests.SampleTest"/>
  <testcase name="T3" time="0.005" classname="tests.SampleTest"/>
  <testcase name="T4" time="0.0" classname="tests.SampleTest">
    <ignored/>
  </testcase> <!-- T4 -->
</testsuite> <!-- Test1 -->
