<?xml version="1.0" encoding="UTF-8"?>
<!-- Generated by org.testng.reporters.JUnitXMLReporter -->
<testsuite hostname="Malalais-MacBook-Air.local" ignored="1" name="Default test" tests="2" failures="0" timestamp="16 Feb 2020 03:58:42 GMT" time="0.076" errors="0">
  <testcase name="fff" time="0.006" classname="tests.TestNGBasics"/>
  <testcase name="f" time="0.016" classname="tests.TestNGBasics"/>
  <testcase name="ff" time="0.0" classname="tests.TestNGBasics">
    <ignored/>
  </testcase> <!-- ff -->
</testsuite> <!-- Default test -->
